# JRE version: Java(TM) SE Runtime Environment (8.0_102-b14) (build 1.8.0_102-b14)
# Java VM: Java HotSpot(TM) 64-Bit Server VM (25.102-b14 mixed mode windows-amd64 compressed oops)
Heap:
 PSYoungGen      total 235008K, used 20222K [0x00000000d5580000, 0x00000000e5600000, 0x0000000100000000)
  eden space 213504K, 3% used [0x00000000d5580000,0x00000000d5d767b8,0x00000000e2600000)
  from space 21504K, 56% used [0x00000000e4100000,0x00000000e4cc9310,0x00000000e5600000)
  to   space 24576K, 0% used [0x00000000e2600000,0x00000000e2600000,0x00000000e3e00000)
 ParOldGen       total 112640K, used 60874K [0x0000000080000000, 0x0000000086e00000, 0x00000000d5580000)
  object space 112640K, 54% used [0x0000000080000000,0x0000000083b72958,0x0000000086e00000)
 Metaspace       used 57039K, capacity 57948K, committed 58024K, reserved 1099776K
  class space    used 7560K, capacity 7848K, committed 7848K, reserved 1048576K
GC Heap History (10 events):
Event: 27.387 GC heap before
{Heap before GC invocations=13 (full 2):
 PSYoungGen      total 137216K, used 125440K [0x00000000d5580000, 0x00000000dfa00000, 0x0000000100000000)
  eden space 125440K, 100% used [0x00000000d5580000,0x00000000dd000000,0x00000000dd000000)
  from space 11776K, 0% used [0x00000000ddd00000,0x00000000ddd00000,0x00000000de880000)
  to   space 13312K, 0% used [0x00000000dd000000,0x00000000dd000000,0x00000000ddd00000)
 ParOldGen       total 58880K, used 20858K [0x0000000080000000, 0x0000000083980000, 0x00000000d5580000)
  object space 58880K, 35% used [0x0000000080000000,0x000000008145e818,0x0000000083980000)
 Metaspace       used 43530K, capacity 44322K, committed 44456K, reserved 1087488K
  class space    used 6081K, capacity 6297K, committed 6312K, reserved 1048576K
Event: 27.439 GC heap after
Heap after GC invocations=13 (full 2):
 PSYoungGen      total 138752K, used 13309K [0x00000000d5580000, 0x00000000e1c00000, 0x0000000100000000)
  eden space 125440K, 0% used [0x00000000d5580000,0x00000000d5580000,0x00000000dd000000)
  from space 13312K, 99% used [0x00000000dd000000,0x00000000ddcff7a0,0x00000000ddd00000)
  to   space 15872K, 0% used [0x00000000e0c80000,0x00000000e0c80000,0x00000000e1c00000)
 ParOldGen       total 58880K, used 21802K [0x0000000080000000, 0x0000000083980000, 0x00000000d5580000)
  object space 58880K, 37% used [0x0000000080000000,0x000000008154aa00,0x0000000083980000)
 Metaspace       used 43530K, capacity 44322K, committed 44456K, reserved 1087488K
  class space    used 6081K, capacity 6297K, committed 6312K, reserved 1048576K
}
Event: 58.712 GC heap before
{Heap before GC invocations=14 (full 2):
 PSYoungGen      total 138752K, used 138749K [0x00000000d5580000, 0x00000000e1c00000, 0x0000000100000000)
  eden space 125440K, 100% used [0x00000000d5580000,0x00000000dd000000,0x00000000dd000000)
  from space 13312K, 99% used [0x00000000dd000000,0x00000000ddcff7a0,0x00000000ddd00000)
  to   space 15872K, 0% used [0x00000000e0c80000,0x00000000e0c80000,0x00000000e1c00000)
 ParOldGen       total 58880K, used 21802K [0x0000000080000000, 0x0000000083980000, 0x00000000d5580000)
  object space 58880K, 37% used [0x0000000080000000,0x000000008154aa00,0x0000000083980000)
 Metaspace       used 52033K, capacity 52982K, committed 53160K, reserved 1095680K
  class space    used 7168K, capacity 7495K, committed 7592K, reserved 1048576K
Event: 58.808 GC heap after
Heap after GC invocations=14 (full 2):
 PSYoungGen      total 180224K, used 15865K [0x00000000d5580000, 0x00000000e2580000, 0x0000000100000000)
  eden space 164352K, 0% used [0x00000000d5580000,0x00000000d5580000,0x00000000df600000)
  from space 15872K, 99% used [0x00000000e0c80000,0x00000000e1bfe4c0,0x00000000e1c00000)
  to   space 23040K, 0% used [0x00000000df600000,0x00000000df600000,0x00000000e0c80000)
 ParOldGen       total 58880K, used 35159K [0x0000000080000000, 0x0000000083980000, 0x00000000d5580000)
  object space 58880K, 59% used [0x0000000080000000,0x0000000082255df0,0x0000000083980000)
 Metaspace       used 52033K, capacity 52982K, committed 53160K, reserved 1095680K
  class space    used 7168K, capacity 7495K, committed 7592K, reserved 1048576K
}
Event: 72.862 GC heap before
{Heap before GC invocations=15 (full 2):
 PSYoungGen      total 180224K, used 180217K [0x00000000d5580000, 0x00000000e2580000, 0x0000000100000000)
  eden space 164352K, 100% used [0x00000000d5580000,0x00000000df600000,0x00000000df600000)
  from space 15872K, 99% used [0x00000000e0c80000,0x00000000e1bfe4c0,0x00000000e1c00000)
  to   space 23040K, 0% used [0x00000000df600000,0x00000000df600000,0x00000000e0c80000)
 ParOldGen       total 58880K, used 35159K [0x0000000080000000, 0x0000000083980000, 0x00000000d5580000)
  object space 58880K, 59% used [0x0000000080000000,0x0000000082255df0,0x0000000083980000)
 Metaspace       used 54324K, capacity 55254K, committed 55464K, reserved 1097728K
  class space    used 7286K, capacity 7591K, committed 7592K, reserved 1048576K
Event: 73.003 GC heap after
Heap after GC invocations=15 (full 2):
 PSYoungGen      total 187392K, used 19092K [0x00000000d5580000, 0x00000000e5980000, 0x0000000100000000)
  eden space 164352K, 0% used [0x00000000d5580000,0x00000000d5580000,0x00000000df600000)
  from space 23040K, 82% used [0x00000000df600000,0x00000000e08a5108,0x00000000e0c80000)
  to   space 25088K, 0% used [0x00000000e4100000,0x00000000e4100000,0x00000000e5980000)
 ParOldGen       total 58880K, used 47676K [0x0000000080000000, 0x0000000083980000, 0x00000000d5580000)
  object space 58880K, 80% used [0x0000000080000000,0x0000000082e8f2f8,0x0000000083980000)
 Metaspace       used 54324K, capacity 55254K, committed 55464K, reserved 1097728K
  class space    used 7286K, capacity 7591K, committed 7592K, reserved 1048576K
}
Event: 73.003 GC heap before
{Heap before GC invocations=16 (full 3):
 PSYoungGen      total 187392K, used 19092K [0x00000000d5580000, 0x00000000e5980000, 0x0000000100000000)
  eden space 164352K, 0% used [0x00000000d5580000,0x00000000d5580000,0x00000000df600000)
  from space 23040K, 82% used [0x00000000df600000,0x00000000e08a5108,0x00000000e0c80000)
  to   space 25088K, 0% used [0x00000000e4100000,0x00000000e4100000,0x00000000e5980000)
 ParOldGen       total 58880K, used 47676K [0x0000000080000000, 0x0000000083980000, 0x00000000d5580000)
  object space 58880K, 80% used [0x0000000080000000,0x0000000082e8f2f8,0x0000000083980000)
 Metaspace       used 54324K, capacity 55254K, committed 55464K, reserved 1097728K
  class space    used 7286K, capacity 7591K, committed 7592K, reserved 1048576K
Event: 73.531 GC heap after
Heap after GC invocations=16 (full 3):
 PSYoungGen      total 187392K, used 2611K [0x00000000d5580000, 0x00000000e5980000, 0x0000000100000000)
  eden space 164352K, 0% used [0x00000000d5580000,0x00000000d5580000,0x00000000df600000)
  from space 23040K, 11% used [0x00000000df600000,0x00000000df88cef8,0x00000000e0c80000)
  to   space 25088K, 0% used [0x00000000e4100000,0x00000000e4100000,0x00000000e5980000)
 ParOldGen       total 112640K, used 58450K [0x0000000080000000, 0x0000000086e00000, 0x00000000d5580000)
  object space 112640K, 51% used [0x0000000080000000,0x0000000083914918,0x0000000086e00000)
 Metaspace       used 54324K, capacity 55254K, committed 55464K, reserved 1097728K
  class space    used 7286K, capacity 7591K, committed 7592K, reserved 1048576K
}
Event: 85.235 GC heap before
{Heap before GC invocations=17 (full 3):
 PSYoungGen      total 187392K, used 166963K [0x00000000d5580000, 0x00000000e5980000, 0x0000000100000000)
  eden space 164352K, 100% used [0x00000000d5580000,0x00000000df600000,0x00000000df600000)
  from space 23040K, 11% used [0x00000000df600000,0x00000000df88cef8,0x00000000e0c80000)
  to   space 25088K, 0% used [0x00000000e4100000,0x00000000e4100000,0x00000000e5980000)
 ParOldGen       total 112640K, used 58450K [0x0000000080000000, 0x0000000086e00000, 0x00000000d5580000)
  object space 112640K, 51% used [0x0000000080000000,0x0000000083914918,0x0000000086e00000)
 Metaspace       used 56259K, capacity 57180K, committed 57256K, reserved 1099776K
  class space    used 7500K, capacity 7784K, committed 7848K, reserved 1048576K
Event: 85.292 GC heap after
Heap after GC invocations=17 (full 3):
 PSYoungGen      total 235008K, used 12068K [0x00000000d5580000, 0x00000000e5600000, 0x0000000100000000)
  eden space 213504K, 0% used [0x00000000d5580000,0x00000000d5580000,0x00000000e2600000)
  from space 21504K, 56% used [0x00000000e4100000,0x00000000e4cc9310,0x00000000e5600000)
  to   space 24576K, 0% used [0x00000000e2600000,0x00000000e2600000,0x00000000e3e00000)
 ParOldGen       total 112640K, used 60874K [0x0000000080000000, 0x0000000086e00000, 0x00000000d5580000)
  object space 112640K, 54% used [0x0000000080000000,0x0000000083b72958,0x0000000086e00000)
 Metaspace       used 56259K, capacity 57180K, committed 57256K, reserved 1099776K
  class space    used 7500K, capacity 7784K, committed 7848K, reserved 1048576K
}

